<?xml version="1.0" encoding="UTF-8"?>
<testsuite name="bisis5.webservice.CodersTest" tests="1" skipped="0" failures="0" errors="0" timestamp="2015-01-05T18:47:55" hostname="Brankos-MacBook-Pro-2.local" time="0.107">
  <properties/>
  <testcase name="testGet" classname="bisis5.webservice.CodersTest" time="0.107"/>
  <system-out><![CDATA[]]></system-out>
  <system-err><![CDATA[]]></system-err>
</testsuite>
