<?xml version="1.0" encoding="UTF-8"?>
<testsuite name="bisis5.storage.CodersStorageTest" tests="1" skipped="0" failures="0" errors="0" timestamp="2015-01-05T18:47:55" hostname="Brankos-MacBook-Pro-2.local" time="0.184">
  <properties/>
  <testcase name="testGetHoldingsCoders" classname="bisis5.storage.CodersStorageTest" time="0.184"/>
  <system-out><![CDATA[]]></system-out>
  <system-err><![CDATA[]]></system-err>
</testsuite>
