<?xml version="1.0" encoding="UTF-8"?>
<testsuite name="bisis5.storage.UserStorageTest" tests="8" skipped="0" failures="0" errors="0" timestamp="2015-01-05T18:47:55" hostname="Brankos-MacBook-Pro-2.local" time="0.039">
  <properties/>
  <testcase name="testAddUser" classname="bisis5.storage.UserStorageTest" time="0.024"/>
  <testcase name="testGetUser2" classname="bisis5.storage.UserStorageTest" time="0.001"/>
  <testcase name="testLogin" classname="bisis5.storage.UserStorageTest" time="0.003"/>
  <testcase name="testRemoveUser" classname="bisis5.storage.UserStorageTest" time="0.004"/>
  <testcase name="testRemoveUser2" classname="bisis5.storage.UserStorageTest" time="0.0"/>
  <testcase name="testAddUser2" classname="bisis5.storage.UserStorageTest" time="0.001"/>
  <testcase name="testGetUser" classname="bisis5.storage.UserStorageTest" time="0.001"/>
  <testcase name="testUpdateUser" classname="bisis5.storage.UserStorageTest" time="0.004"/>
  <system-out><![CDATA[]]></system-out>
  <system-err><![CDATA[]]></system-err>
</testsuite>
