<?xml version="1.0" encoding="UTF-8"?>
<testsuite name="bisis5.webclient.RecordsClientTest" tests="4" skipped="0" failures="0" errors="0" timestamp="2015-01-05T19:04:10" hostname="Brankos-MacBook-Pro-2.local" time="0.181">
  <properties/>
  <testcase name="testAdd" classname="bisis5.webclient.RecordsClientTest" time="0.055"/>
  <testcase name="testGet" classname="bisis5.webclient.RecordsClientTest" time="0.025"/>
  <testcase name="testRemove" classname="bisis5.webclient.RecordsClientTest" time="0.015"/>
  <testcase name="testUpdate" classname="bisis5.webclient.RecordsClientTest" time="0.028"/>
  <system-out><![CDATA[]]></system-out>
  <system-err><![CDATA[]]></system-err>
</testsuite>
