<?xml version="1.0" encoding="UTF-8"?>
<testsuite name="bisis5.webclient.CodersClientTest" tests="1" skipped="0" failures="0" errors="0" timestamp="2015-01-05T19:04:10" hostname="Brankos-MacBook-Pro-2.local" time="0.029">
  <properties/>
  <testcase name="testGetHoldingsCoders" classname="bisis5.webclient.CodersClientTest" time="0.029"/>
  <system-out><![CDATA[]]></system-out>
  <system-err><![CDATA[]]></system-err>
</testsuite>
