<?xml version="1.0" encoding="UTF-8"?>
<testsuite name="bisis5.records.RecordTest" tests="3" skipped="0" failures="0" errors="0" timestamp="2015-01-05T18:47:27" hostname="Brankos-MacBook-Pro-2.local" time="0.06">
  <properties/>
  <testcase name="testFromJsonFile" classname="bisis5.records.RecordTest" time="0.016"/>
  <testcase name="testToJson" classname="bisis5.records.RecordTest" time="0.038"/>
  <testcase name="testFromJsonToJson" classname="bisis5.records.RecordTest" time="0.003"/>
  <system-out><![CDATA[]]></system-out>
  <system-err><![CDATA[]]></system-err>
</testsuite>
